Ready to Groww!
cockpit payload: 21 legs · deployed ₹746,518 · encrypted
push failed: failed to get: -128
fatal: could not read Username for 'https://github.com': Device not configured

Ready to Groww!
cockpit payload: 0 legs · deployed ₹0 · encrypted
push failed: failed to get: -128
fatal: could not read Username for 'https://github.com': Device not configured

Ready to Groww!
cockpit payload: 3 legs · deployed ₹107,769 · encrypted
push failed: failed to get: -128
fatal: could not read Username for 'https://github.com': Device not configured

Ready to Groww!
cockpit payload: 3 legs · deployed ₹107,769 · encrypted
pushed
Ready to Groww!
cockpit payload: 3 legs · deployed ₹107,769 · encrypted
push failed: failed to get: -128
fatal: could not read Username for 'https://github.com': Device not configured

Ready to Groww!
cockpit payload: 16 legs · deployed ₹550,819 · encrypted
push failed: failed to get: -128
fatal: could not read Username for 'https://github.com': Device not configured

Ready to Groww!
cockpit payload: 16 legs · deployed ₹550,819 · encrypted
push failed: failed to get: -128
fatal: could not read Username for 'https://github.com': Device not configured

Ready to Groww!
cockpit payload: 16 legs · deployed ₹550,819 · encrypted
